<?xml version="1.0" encoding="UTF-8" ?>
<testsuite errors="1" failures="0" hostname="CT1230D0006322" name="Test" skipped="0" tests="1" time="0.0" timestamp="2020-02-08T16:59:14">
  <properties>
[...]
</properties>
  <error message="Test" type="java.lang.ClassNotFoundException">java.lang.ClassNotFoundException: Test
	at java.net.URLClassLoader.findClass(Unknown Source)
	at java.lang.ClassLoader.loadClass(Unknown Source)
	at sun.misc.Launcher$AppClassLoader.loadClass(Unknown Source)
	at java.lang.ClassLoader.loadClass(Unknown Source)
	at java.lang.Class.forName0(Native Method)
	at java.lang.Class.forName(Unknown Source)
</error>
  <system-out><![CDATA[]]></system-out>
  <system-err><![CDATA[]]></system-err>
</testsuite>
